Using pre-set license
Built from '2020.3/release' branch; Version is '2020.3.34f1 (9a4c9c70452b) revision 10112156'; Using compiler version '192528614'; Build Type 'Release'
OS: 'Windows 10  (10.0.19045) 64bit Enterprise' Language: 'en' Physical Memory: 16333 MB
BatchMode: 1, IsHumanControllingUs: 0, StartBugReporterOnCrash: 0, Is64bit: 1, IsPro: 0

COMMAND LINE ARGUMENTS:
C:\Program Files\Unity\Hub\Editor\2020.3.34f1\Editor\Unity.exe
-adb2
-batchMode
-noUpm
-name
AssetImportWorker0
-projectPath
D:/Projects/DIYJoyStick(PixalotsLabs)
-logFile
Logs/AssetImportWorker0.log
-srvPort
56683
Successfully changed project path to: D:/Projects/DIYJoyStick(PixalotsLabs)
D:/Projects/DIYJoyStick(PixalotsLabs)
Using Asset Import Pipeline V2.
Assets/NewModels/Xbox one controller/Controller.c4d: Unity no longer supports importing Cinema 4D files directly, but we're working with Maxon to make the experience better. To import Cinema 4D files, install Maxon's external importer. You can find more information on the Unity Forum: https://on.unity.com/c4d.

Please note that FBX files exported from Cinema4D are still supported.
Refreshing native plugins compatible for Editor in 42.45 ms, found 2 plugins.
Preloading 0 native plugins for Editor in 0.00 ms.
Initialize engine version: 2020.3.34f1 (9a4c9c70452b)
[Subsystems] Discovering subsystems at path C:/Program Files/Unity/Hub/Editor/2020.3.34f1/Editor/Data/Resources/UnitySubsystems
[Subsystems] Discovering subsystems at path D:/Projects/DIYJoyStick(PixalotsLabs)/Assets
GfxDevice: creating device client; threaded=0
Direct3D:
    Version:  Direct3D 11.0 [level 11.1]
    Renderer: NVIDIA GeForce GTX 1660 (ID=0x2184)
    Vendor:   
    VRAM:     5991 MB
    Driver:   31.0.15.1694
Initialize mono
Mono path[0] = 'C:/Program Files/Unity/Hub/Editor/2020.3.34f1/Editor/Data/Managed'
Mono path[1] = 'C:/Program Files/Unity/Hub/Editor/2020.3.34f1/Editor/Data/MonoBleedingEdge/lib/mono/unityjit'
Mono config path = 'C:/Program Files/Unity/Hub/Editor/2020.3.34f1/Editor/Data/MonoBleedingEdge/etc'
Using monoOptions --debugger-agent=transport=dt_socket,embedding=1,server=y,suspend=n,address=127.0.0.1:56152
Begin MonoManager ReloadAssembly
Registering precompiled unity dll's ...
Register platform support module: C:/Program Files/Unity/Hub/Editor/2020.3.34f1/Editor/Data/PlaybackEngines/WindowsStandaloneSupport/UnityEditor.WindowsStandalone.Extensions.dll
Registered in 0.001640 seconds.
Native extension for WindowsStandalone target not found
Assets/NewModels/Xbox one controller/Controller.c4d: Unity no longer supports importing Cinema 4D files directly, but we're working with Maxon to make the experience better. To import Cinema 4D files, install Maxon's external importer. You can find more information on the Unity Forum: https://on.unity.com/c4d.

Please note that FBX files exported from Cinema4D are still supported.
Refreshing native plugins compatible for Editor in 42.77 ms, found 2 plugins.
Preloading 0 native plugins for Editor in 0.00 ms.
Mono: successfully reloaded assembly
- Completed reload, in  0.508 seconds
Domain Reload Profiling:
	ReloadAssembly (508ms)
		BeginReloadAssembly (53ms)
			ExecutionOrderSort (0ms)
			DisableScriptedObjects (0ms)
			BackupInstance (0ms)
			ReleaseScriptingObjects (0ms)
			CreateAndSetChildDomain (1ms)
		EndReloadAssembly (390ms)
			LoadAssemblies (52ms)
			RebuildTransferFunctionScriptingTraits (0ms)
			SetupTypeCache (126ms)
			ReleaseScriptCaches (0ms)
			RebuildScriptCaches (26ms)
			SetupLoadedEditorAssemblies (151ms)
				LogAssemblyErrors (0ms)
				InitializePlatformSupportModulesInManaged (4ms)
				SetLoadedEditorAssemblies (0ms)
				RefreshPlugins (43ms)
				BeforeProcessingInitializeOnLoad (15ms)
				ProcessInitializeOnLoadAttributes (66ms)
				ProcessInitializeOnLoadMethodAttributes (23ms)
				AfterProcessingInitializeOnLoad (0ms)
				EditorAssembliesLoaded (0ms)
			ExecutionOrderSort2 (0ms)
			AwakeInstancesAfterBackupRestoration (0ms)
Platform modules already initialized, skipping
Registering precompiled user dll's ...
Registered in 0.002747 seconds.
Begin MonoManager ReloadAssembly
Native extension for WindowsStandalone target not found
Refreshing native plugins compatible for Editor in 0.42 ms, found 2 plugins.
Preloading 0 native plugins for Editor in 0.00 ms.
Mono: successfully reloaded assembly
- Completed reload, in  0.861 seconds
Domain Reload Profiling:
	ReloadAssembly (862ms)
		BeginReloadAssembly (129ms)
			ExecutionOrderSort (0ms)
			DisableScriptedObjects (4ms)
			BackupInstance (0ms)
			ReleaseScriptingObjects (0ms)
			CreateAndSetChildDomain (16ms)
		EndReloadAssembly (678ms)
			LoadAssemblies (80ms)
			RebuildTransferFunctionScriptingTraits (0ms)
			SetupTypeCache (235ms)
			ReleaseScriptCaches (0ms)
			RebuildScriptCaches (40ms)
			SetupLoadedEditorAssemblies (256ms)
				LogAssemblyErrors (0ms)
				InitializePlatformSupportModulesInManaged (4ms)
				SetLoadedEditorAssemblies (0ms)
				RefreshPlugins (0ms)
				BeforeProcessingInitializeOnLoad (69ms)
				ProcessInitializeOnLoadAttributes (165ms)
				ProcessInitializeOnLoadMethodAttributes (12ms)
				AfterProcessingInitializeOnLoad (5ms)
				EditorAssembliesLoaded (0ms)
			ExecutionOrderSort2 (0ms)
			AwakeInstancesAfterBackupRestoration (2ms)
Platform modules already initialized, skipping
Assets/NewModels/Xbox one controller/Controller.c4d: Unity no longer supports importing Cinema 4D files directly, but we're working with Maxon to make the experience better. To import Cinema 4D files, install Maxon's external importer. You can find more information on the Unity Forum: https://on.unity.com/c4d.

Please note that FBX files exported from Cinema4D are still supported.
========================================================================
Worker process is ready to serve import requests
Assets/NewModels/Xbox one controller/Controller.c4d: Unity no longer supports importing Cinema 4D files directly, but we're working with Maxon to make the experience better. To import Cinema 4D files, install Maxon's external importer. You can find more information on the Unity Forum: https://on.unity.com/c4d.

Please note that FBX files exported from Cinema4D are still supported.
Launched and connected shader compiler UnityShaderCompiler.exe after 0.03 seconds
Refreshing native plugins compatible for Editor in 0.42 ms, found 2 plugins.
Preloading 0 native plugins for Editor in 0.00 ms.
Unloading 1706 Unused Serialized files (Serialized files now loaded: 0)
System memory in use before: 83.6 MB.
System memory in use after: 83.7 MB.

Unloading 18 unused Assets to reduce memory usage. Loaded Objects now: 2151.
Total: 2.637400 ms (FindLiveObjects: 0.143500 ms CreateObjectMapping: 0.039400 ms MarkObjects: 2.385100 ms  DeleteObjects: 0.068700 ms)

AssetImportParameters requested are different than current active one (requested -> active):
  custom:framework-win-MediaFoundation: 216162199b28c13a410421893ffa2e32 -> 
  custom:video-decoder-ogg-theora: a1e56fd34408186e4bbccfd4996cb3dc -> 
  custom:container-muxer-webm: aa71ff27fc2769a1b78a27578f13a17b -> 
  custom:container-demuxer-webm: 4f35f7cbe854078d1ac9338744f61a02 -> 
  custom:container-demuxer-ogg: 62fdf1f143b41e24485cea50d1cbac27 -> 
  custom:video-encoder-webm-vp8: eb34c28f22e8b96e1ab97ce403110664 -> 
  custom:video-decoder-webm-vp8: 9c59270c3fd7afecdb556c50c9e8de78 -> 
  custom:audio-decoder-ogg-vorbis: bf7c407c2cedff20999df2af8eb42d56 -> 
  custom:audio-encoder-webm-vorbis: bf7c407c2cedff20999df2af8eb42d56 -> 
========================================================================
Received Import Request.
  path: Assets/Plugins/CW/PaintIn3D/Examples/InGame/Meshes/ChalkBoard UV2.DAE
  artifactKey: Guid(bc022fbec9ee881478f65c5dab0e2c1c) Importer(815301076,1909f56bfc062723c751e8b465ee728b)
Start importing Assets/Plugins/CW/PaintIn3D/Examples/InGame/Meshes/ChalkBoard UV2.DAE using Guid(bc022fbec9ee881478f65c5dab0e2c1c) Importer(815301076,1909f56bfc062723c751e8b465ee728b)  -> (artifact id: '4471b130f35a9b5a4d5bc58e28ec6e3d') in 0.105146 seconds 
========================================================================
Received Import Request.
  Time since last request: 0.000129 seconds.
  path: Assets/Plugins/CW/PaintIn3D/Examples/InGame/Meshes/Atlas.DAE
  artifactKey: Guid(ff65a78d242605245b475eb9475b4ec9) Importer(815301076,1909f56bfc062723c751e8b465ee728b)
Start importing Assets/Plugins/CW/PaintIn3D/Examples/InGame/Meshes/Atlas.DAE using Guid(ff65a78d242605245b475eb9475b4ec9) Importer(815301076,1909f56bfc062723c751e8b465ee728b)  -> (artifact id: 'f036608f59b2e6b55c7cb69173d8733d') in 0.027820 seconds 
========================================================================
Received Import Request.
  Time since last request: 0.000152 seconds.
  path: Assets/Plugins/CW/PaintIn3D/Examples/InGame/Meshes/ChalkBoard.DAE
  artifactKey: Guid(23a12a0c3db84c04a9c0ce4aa0b4d958) Importer(815301076,1909f56bfc062723c751e8b465ee728b)
Start importing Assets/Plugins/CW/PaintIn3D/Examples/InGame/Meshes/ChalkBoard.DAE using Guid(23a12a0c3db84c04a9c0ce4aa0b4d958) Importer(815301076,1909f56bfc062723c751e8b465ee728b)  -> (artifact id: '9806a55de5848926e00ab247068aaf4b') in 0.020674 seconds 
========================================================================
Received Import Request.
  Time since last request: 0.000128 seconds.
  path: Assets/Plugins/CW/PaintIn3D/Examples/InGame/Meshes/Board.DAE
  artifactKey: Guid(bde84ad6db9142f4c8fa81f46480f3fb) Importer(815301076,1909f56bfc062723c751e8b465ee728b)
Start importing Assets/Plugins/CW/PaintIn3D/Examples/InGame/Meshes/Board.DAE using Guid(bde84ad6db9142f4c8fa81f46480f3fb) Importer(815301076,1909f56bfc062723c751e8b465ee728b)  -> (artifact id: '03cf401cdcdb556718fd87187c879f09') in 0.023732 seconds 
========================================================================
Received Prepare
Assets/NewModels/Xbox one controller/Controller.c4d: Unity no longer supports importing Cinema 4D files directly, but we're working with Maxon to make the experience better. To import Cinema 4D files, install Maxon's external importer. You can find more information on the Unity Forum: https://on.unity.com/c4d.

Please note that FBX files exported from Cinema4D are still supported.
Refreshing native plugins compatible for Editor in 2.63 ms, found 2 plugins.
Preloading 0 native plugins for Editor in 0.00 ms.
Unloading 11 Unused Serialized files (Serialized files now loaded: 0)
System memory in use before: 51.6 MB.
System memory in use after: 51.7 MB.

Unloading 12 unused Assets to reduce memory usage. Loaded Objects now: 2161.
Total: 2.935100 ms (FindLiveObjects: 0.152000 ms CreateObjectMapping: 0.040600 ms MarkObjects: 2.726100 ms  DeleteObjects: 0.015600 ms)

AssetImportParameters requested are different than current active one (requested -> active):
  custom:framework-win-MediaFoundation: 216162199b28c13a410421893ffa2e32 -> 
  custom:video-decoder-ogg-theora: a1e56fd34408186e4bbccfd4996cb3dc -> 
  custom:container-muxer-webm: aa71ff27fc2769a1b78a27578f13a17b -> 
  custom:container-demuxer-webm: 4f35f7cbe854078d1ac9338744f61a02 -> 
  custom:container-demuxer-ogg: 62fdf1f143b41e24485cea50d1cbac27 -> 
  custom:video-encoder-webm-vp8: eb34c28f22e8b96e1ab97ce403110664 -> 
  custom:video-decoder-webm-vp8: 9c59270c3fd7afecdb556c50c9e8de78 -> 
  custom:audio-decoder-ogg-vorbis: bf7c407c2cedff20999df2af8eb42d56 -> 
  custom:audio-encoder-webm-vorbis: bf7c407c2cedff20999df2af8eb42d56 -> 
========================================================================
Received Import Request.
  Time since last request: 14.637339 seconds.
  path: Assets/Plugins/CW/PaintIn3D/Examples/InGame/Meshes/CubedSphere.DAE
  artifactKey: Guid(b4ba6d325af7fb34b911b4785e93b500) Importer(815301076,1909f56bfc062723c751e8b465ee728b)
Start importing Assets/Plugins/CW/PaintIn3D/Examples/InGame/Meshes/CubedSphere.DAE using Guid(b4ba6d325af7fb34b911b4785e93b500) Importer(815301076,1909f56bfc062723c751e8b465ee728b)  -> (artifact id: 'bb6db4068fbdeaa107170c01eb53607b') in 0.018549 seconds 
========================================================================
Received Import Request.
  Time since last request: 2.749687 seconds.
  path: Assets/Plugins/CW/PaintIn3D/Examples/InGame/Meshes/Cyber.DAE
  artifactKey: Guid(f7c41c4e32419c04393b167ea922ecb9) Importer(815301076,1909f56bfc062723c751e8b465ee728b)
Start importing Assets/Plugins/CW/PaintIn3D/Examples/InGame/Meshes/Cyber.DAE using Guid(f7c41c4e32419c04393b167ea922ecb9) Importer(815301076,1909f56bfc062723c751e8b465ee728b)  -> (artifact id: 'cc851ebe2122d6940d0bbcedb5d13bb7') in 0.052712 seconds 
========================================================================
Received Import Request.
  Time since last request: 4.145534 seconds.
  path: Assets/Plugins/CW/PaintIn3D/Examples/InGame/Meshes/HorseStatue.DAE
  artifactKey: Guid(991844bf8289174409696cbdd11356b4) Importer(815301076,1909f56bfc062723c751e8b465ee728b)
Start importing Assets/Plugins/CW/PaintIn3D/Examples/InGame/Meshes/HorseStatue.DAE using Guid(991844bf8289174409696cbdd11356b4) Importer(815301076,1909f56bfc062723c751e8b465ee728b)  -> (artifact id: 'bc550b1928fdbd68a61f6ba044d460c6') in 0.012672 seconds 
========================================================================
Received Import Request.
  Time since last request: 0.682508 seconds.
  path: Assets/Plugins/CW/PaintIn3D/Examples/InGame/Meshes/HVLP.DAE
  artifactKey: Guid(5ffe2b0ffb77643408954e101b1af094) Importer(815301076,1909f56bfc062723c751e8b465ee728b)
Start importing Assets/Plugins/CW/PaintIn3D/Examples/InGame/Meshes/HVLP.DAE using Guid(5ffe2b0ffb77643408954e101b1af094) Importer(815301076,1909f56bfc062723c751e8b465ee728b)  -> (artifact id: 'c41f0146e06c1ba0e297e6a361f88161') in 0.041433 seconds 
========================================================================
Received Import Request.
  Time since last request: 1.095808 seconds.
  path: Assets/Plugins/CW/PaintIn3D/Examples/InGame/Meshes/Knots.DAE
  artifactKey: Guid(7cc4a505e4534cf42a94c4ec8338ded1) Importer(815301076,1909f56bfc062723c751e8b465ee728b)
Start importing Assets/Plugins/CW/PaintIn3D/Examples/InGame/Meshes/Knots.DAE using Guid(7cc4a505e4534cf42a94c4ec8338ded1) Importer(815301076,1909f56bfc062723c751e8b465ee728b)  -> (artifact id: 'ce3257fed056231dbda5411cc272bcd7') in 0.026838 seconds 
========================================================================
Received Import Request.
  Time since last request: 3.034415 seconds.
  path: Assets/Plugins/CW/PaintIn3D/Examples/InGame/Meshes/Marker.DAE
  artifactKey: Guid(f064b593f7afa8f49bcdbcdc7232d86c) Importer(815301076,1909f56bfc062723c751e8b465ee728b)
Start importing Assets/Plugins/CW/PaintIn3D/Examples/InGame/Meshes/Marker.DAE using Guid(f064b593f7afa8f49bcdbcdc7232d86c) Importer(815301076,1909f56bfc062723c751e8b465ee728b)  -> (artifact id: 'ee88b0505d0a86c22f7d17da117ec3c5') in 0.014639 seconds 
========================================================================
Received Import Request.
  Time since last request: 0.960967 seconds.
  path: Assets/Plugins/CW/PaintIn3D/Examples/InGame/Meshes/Pine_1.DAE
  artifactKey: Guid(80d348875bc7e944d88866c98357894c) Importer(815301076,1909f56bfc062723c751e8b465ee728b)
Start importing Assets/Plugins/CW/PaintIn3D/Examples/InGame/Meshes/Pine_1.DAE using Guid(80d348875bc7e944d88866c98357894c) Importer(815301076,1909f56bfc062723c751e8b465ee728b)  -> (artifact id: 'a66e15e42c2e3c34a8280ca440e240e6') in 0.012593 seconds 
========================================================================
Received Import Request.
  Time since last request: 0.864606 seconds.
  path: Assets/Plugins/CW/PaintIn3D/Examples/InGame/Meshes/Rocks.DAE
  artifactKey: Guid(dedcee1e09298a245b9c45d17b7943fc) Importer(815301076,1909f56bfc062723c751e8b465ee728b)
Start importing Assets/Plugins/CW/PaintIn3D/Examples/InGame/Meshes/Rocks.DAE using Guid(dedcee1e09298a245b9c45d17b7943fc) Importer(815301076,1909f56bfc062723c751e8b465ee728b)  -> (artifact id: '62730c44c190f09bb936b0fc8d2d1b76') in 0.012687 seconds 
========================================================================
Received Import Request.
  Time since last request: 0.264789 seconds.
  path: Assets/Plugins/CW/PaintIn3D/Examples/InGame/Meshes/Separated Cube.DAE
  artifactKey: Guid(4d33de7d1d876d84784522e3486cf5be) Importer(815301076,1909f56bfc062723c751e8b465ee728b)
Start importing Assets/Plugins/CW/PaintIn3D/Examples/InGame/Meshes/Separated Cube.DAE using Guid(4d33de7d1d876d84784522e3486cf5be) Importer(815301076,1909f56bfc062723c751e8b465ee728b)  -> (artifact id: '56711bddbf612863c429d9823edc65ed') in 0.011643 seconds 
========================================================================
Received Import Request.
  Time since last request: 0.306342 seconds.
  path: Assets/Plugins/CW/PaintIn3D/Examples/InGame/Meshes/Separated Cylinder.DAE
  artifactKey: Guid(65b0767a54a84534a9d9cd40a481cde6) Importer(815301076,1909f56bfc062723c751e8b465ee728b)
Start importing Assets/Plugins/CW/PaintIn3D/Examples/InGame/Meshes/Separated Cylinder.DAE using Guid(65b0767a54a84534a9d9cd40a481cde6) Importer(815301076,1909f56bfc062723c751e8b465ee728b)  -> (artifact id: 'c71b4c9f84d2ffc20427157332e228b3') in 0.012494 seconds 
========================================================================
Received Import Request.
  Time since last request: 0.345605 seconds.
  path: Assets/Plugins/CW/PaintIn3D/Examples/InGame/Meshes/Snowball.DAE
  artifactKey: Guid(a77503a0f0821244abdb2932865593b8) Importer(815301076,1909f56bfc062723c751e8b465ee728b)
Start importing Assets/Plugins/CW/PaintIn3D/Examples/InGame/Meshes/Snowball.DAE using Guid(a77503a0f0821244abdb2932865593b8) Importer(815301076,1909f56bfc062723c751e8b465ee728b)  -> (artifact id: '4c9d858c99c207f375c3bfa9fc7d06e2') in 0.013213 seconds 
========================================================================
Received Import Request.
  Time since last request: 0.231411 seconds.
  path: Assets/Plugins/CW/PaintIn3D/Examples/InGame/Meshes/Spaceship.DAE
  artifactKey: Guid(0eec87e16fe7e984cad7178d8bc8f439) Importer(815301076,1909f56bfc062723c751e8b465ee728b)
Start importing Assets/Plugins/CW/PaintIn3D/Examples/InGame/Meshes/Spaceship.DAE using Guid(0eec87e16fe7e984cad7178d8bc8f439) Importer(815301076,1909f56bfc062723c751e8b465ee728b)  -> (artifact id: '02dd19a05790e82cca18526c3dafb258') in 0.012809 seconds 
========================================================================
Received Import Request.
  Time since last request: 0.668974 seconds.
  path: Assets/Plugins/CW/PaintIn3D/Examples/InGame/Meshes/Spaceship_Separate.DAE
  artifactKey: Guid(71515adcf2fdde64ab08d7fcf2a23785) Importer(815301076,1909f56bfc062723c751e8b465ee728b)
Start importing Assets/Plugins/CW/PaintIn3D/Examples/InGame/Meshes/Spaceship_Separate.DAE using Guid(71515adcf2fdde64ab08d7fcf2a23785) Importer(815301076,1909f56bfc062723c751e8b465ee728b)  -> (artifact id: '6e4e65027de8d627bc8e6b46f11a6832') in 0.071090 seconds 
========================================================================
Received Import Request.
  Time since last request: 0.225606 seconds.
  path: Assets/Plugins/CW/PaintIn3D/Examples/InGame/Meshes/Spaceship_Shield.DAE
  artifactKey: Guid(7f657e7eaf0993b4ab6b8a0bcd8cec7e) Importer(815301076,1909f56bfc062723c751e8b465ee728b)
Start importing Assets/Plugins/CW/PaintIn3D/Examples/InGame/Meshes/Spaceship_Shield.DAE using Guid(7f657e7eaf0993b4ab6b8a0bcd8cec7e) Importer(815301076,1909f56bfc062723c751e8b465ee728b)  -> (artifact id: '3cdce6c2de2eacc75632274e47f7751e') in 0.013269 seconds 
========================================================================
Received Import Request.
  Time since last request: 0.435978 seconds.
  path: Assets/Models/SprayCan.DAE
  artifactKey: Guid(02caea395ea2adc469abea417c7fb747) Importer(815301076,1909f56bfc062723c751e8b465ee728b)
Start importing Assets/Models/SprayCan.DAE using Guid(02caea395ea2adc469abea417c7fb747) Importer(815301076,1909f56bfc062723c751e8b465ee728b)  -> (artifact id: '0648f0cc3570c9fee836017a6dbb621f') in 0.014290 seconds 
========================================================================
Received Import Request.
  Time since last request: 6.084689 seconds.
  path: Assets/Plugins/CW/PaintIn3D/Examples/InGame/Meshes/Wheel.DAE
  artifactKey: Guid(7e9d945d657d53340b4364643c5151d4) Importer(815301076,1909f56bfc062723c751e8b465ee728b)
Start importing Assets/Plugins/CW/PaintIn3D/Examples/InGame/Meshes/Wheel.DAE using Guid(7e9d945d657d53340b4364643c5151d4) Importer(815301076,1909f56bfc062723c751e8b465ee728b)  -> (artifact id: 'd4b7b194f192393b4f771aa4f48f83fd') in 0.019328 seconds 
========================================================================
Received Import Request.
  Time since last request: 10.927199 seconds.
  path: Assets/Plugins/CW/PaintIn3D/Examples/InGame/Meshes/Window.DAE
  artifactKey: Guid(8931bb92705e3734d967f211d0a7d7f0) Importer(815301076,1909f56bfc062723c751e8b465ee728b)
Start importing Assets/Plugins/CW/PaintIn3D/Examples/InGame/Meshes/Window.DAE using Guid(8931bb92705e3734d967f211d0a7d7f0) Importer(815301076,1909f56bfc062723c751e8b465ee728b)  -> (artifact id: '335a8c4cb757109fe242c9d8bd8823a8') in 0.034042 seconds 
========================================================================
Received Import Request.
  Time since last request: 0.886405 seconds.
  path: Assets/Plugins/CW/PaintIn3D/Examples/InGame/Meshes/Zombie.DAE
  artifactKey: Guid(208f8fb59110d804fb904188ecc7e055) Importer(815301076,1909f56bfc062723c751e8b465ee728b)
Start importing Assets/Plugins/CW/PaintIn3D/Examples/InGame/Meshes/Zombie.DAE using Guid(208f8fb59110d804fb904188ecc7e055) Importer(815301076,1909f56bfc062723c751e8b465ee728b)  -> (artifact id: 'e4765e43900193d0fb11360c251f6d50') in 0.058421 seconds 
AssetImportWorkerClient::OnTransportError - code=2 error=End of file
